#
# A fatal error has been detected by the Java Runtime Environment:
#
#  EXCEPTION_ACCESS_VIOLATION (0xc0000005) at pc=0x000000006663f106, pid=4708, tid=4080
#
# JRE version: Java(TM) SE Runtime Environment (8.0_25-b18) (build 1.8.0_25-b18)
# Java VM: Java HotSpot(TM) 64-Bit Server VM (25.25-b02 mixed mode windows-amd64 compressed oops)
# Problematic frame:
# V  [jvm.dll+0x45f106]
#
# Failed to write core dump. Minidumps are not enabled by default on client versions of Windows
#
# If you would like to submit a bug report, please visit:
#   http://bugreport.sun.com/bugreport/crash.jsp
#

---------------  T H R E A D  ---------------

Current thread (0x0000000014fb0000):  JavaThread "C2 CompilerThread1" daemon [_thread_in_native, id=4080, stack(0x0000000016620000,0x0000000016720000)]

siginfo: ExceptionCode=0xc0000005, reading address 0x0000000000000000

Registers:
RAX=0x0000000000000000, RBX=0x0000000017508150, RCX=0x0000000017508130, RDX=0x0000000000003a77
RSP=0x000000001671b6f0, RBP=0x000000001cf4e401, RSI=0x000000001cf51ed0, RDI=0x0000000000000000
R8 =0x00000000009af798, R9 =0x0000000000000000, R10=0x0000000000000000, R11=0x0000000000000246
R12=0x000000001a783900, R13=0x0000000017508130, R14=0x000000001cf51ed0, R15=0x0000000017508130
RIP=0x000000006663f106, EFLAGS=0x0000000000010246

Top of Stack: (sp=0x000000001671b6f0)
0x000000001671b6f0:   0000000017508130 0000000014faac30
0x000000001671b700:   0000000000000010 0000000000007fd8
0x000000001671b710:   000000001cf4d4b0 00000000666401a3
0x000000001671b720:   000000001cf4d490 000000001cf4e401
0x000000001671b730:   000000001cf51ed0 0000000000000003
0x000000001671b740:   000000001cf51ed0 0000000066220c68
0x000000001671b750:   000000001cf51ed0 000000001cf4e4a8
0x000000001671b760:   000000001cf4d401 000000001671b8e0
0x000000001671b770:   0000000000000002 00000000666425fa
0x000000001671b780:   000000001cf4d490 0000000000000010
0x000000001671b790:   0000000000000000 0000000000000003
0x000000001671b7a0:   00000000000001f0 0000000000000000
0x000000001671b7b0:   0000000000000069 0000000066644745
0x000000001671b7c0:   0000000000000003 000000000000100a
0x000000001671b7d0:   000000001671b880 0000000017508130
0x000000001671b7e0:   0000000000c3091b 00000000c0b5df6d 

Instructions: (pc=0x000000006663f106)
0x000000006663f0e6:   89 6c 24 38 48 89 7c 24 40 4c 89 64 24 48 48 8d
0x000000006663f0f6:   59 20 33 ff 44 8b e0 0f 1f 00 48 8b 46 38 8b 13
0x000000006663f106:   48 8b 2c 07 3b 53 04 75 08 48 8b cb e8 19 1b be
0x000000006663f116:   ff 48 63 0b 48 83 c7 08 49 ff cc 8d 41 01 89 03 


Register to memory mapping:

RAX=0x0000000000000000 is an unknown value
RBX=0x0000000017508150 is an unknown value
RCX=0x0000000017508130 is an unknown value
RDX=0x0000000000003a77 is an unknown value
RSP=0x000000001671b6f0 is pointing into the stack for thread: 0x0000000014fb0000
RBP=0x000000001cf4e401 is an unknown value
RSI=0x000000001cf51ed0 is an unknown value
RDI=0x0000000000000000 is an unknown value
R8 =0x00000000009af798 is an unknown value
R9 =0x0000000000000000 is an unknown value
R10=0x0000000000000000 is an unknown value
R11=0x0000000000000246 is an unknown value
R12=0x000000001a783900 is an unknown value
R13=0x0000000017508130 is an unknown value
R14=0x000000001cf51ed0 is an unknown value
R15=0x0000000017508130 is an unknown value


Stack: [0x0000000016620000,0x0000000016720000],  sp=0x000000001671b6f0,  free space=1005k
Native frames: (J=compiled Java code, j=interpreted, Vv=VM code, C=native code)
V  [jvm.dll+0x45f106]
V  [jvm.dll+0x4601a3]
V  [jvm.dll+0x4625fa]
V  [jvm.dll+0x464745]
V  [jvm.dll+0x4650cc]
V  [jvm.dll+0x465413]
V  [jvm.dll+0x4522c3]
V  [jvm.dll+0x453864]
V  [jvm.dll+0x437372]
V  [jvm.dll+0x98a02]
V  [jvm.dll+0x991f3]
V  [jvm.dll+0x22bde4]
V  [jvm.dll+0x2852fa]
C  [msvcr100.dll+0x21d9f]
C  [msvcr100.dll+0x21e3b]
C  [KERNEL32.DLL+0x16ad]
C  [ntdll.dll+0x154e4]


Current CompileTask:
C2:1384169 7249   !   4       com.sun.beans.TypeResolver::resolve (274 bytes)


---------------  P R O C E S S  ---------------

Java Threads: ( => current thread )
  0x000000001a267000 JavaThread "stdout" [_thread_in_native, id=4284, stack(0x0000000020680000,0x0000000020780000)]
  0x000000001a266800 JavaThread "stderr" [_thread_in_native, id=4332, stack(0x0000000020580000,0x0000000020680000)]
  0x000000001a268800 JavaThread "stdout" [_thread_in_native, id=4632, stack(0x0000000020480000,0x0000000020580000)]
  0x000000001a264000 JavaThread "stderr" [_thread_in_native, id=864, stack(0x0000000020380000,0x0000000020480000)]
  0x000000001a265000 JavaThread "stdout" [_thread_in_native, id=4952, stack(0x0000000020280000,0x0000000020380000)]
  0x000000001a262800 JavaThread "stderr" [_thread_in_native, id=2564, stack(0x0000000020180000,0x0000000020280000)]
  0x000000001a263800 JavaThread "stdout" [_thread_in_native, id=3104, stack(0x0000000020080000,0x0000000020180000)]
  0x000000001a262000 JavaThread "stderr" [_thread_in_native, id=3332, stack(0x000000001ff80000,0x0000000020080000)]
  0x000000001a261000 JavaThread "pool-3-thread-4" [_thread_blocked, id=4396, stack(0x000000001f880000,0x000000001f980000)]
  0x000000001a25d800 JavaThread "pool-3-thread-3" [_thread_blocked, id=3256, stack(0x000000001f780000,0x000000001f880000)]
  0x000000001a260800 JavaThread "pool-3-thread-2" [_thread_blocked, id=4268, stack(0x000000001f0b0000,0x000000001f1b0000)]
  0x000000001a25f800 JavaThread "pool-3-thread-1" [_thread_blocked, id=5060, stack(0x000000001d7f0000,0x000000001d8f0000)]
  0x0000000017e6b000 JavaThread "Stdin handler" [_thread_blocked, id=5076, stack(0x0000000019100000,0x0000000019200000)]
  0x0000000017e69000 JavaThread "Daemon worker Thread 2" [_thread_blocked, id=3940, stack(0x0000000019000000,0x0000000019100000)]
  0x0000000017e6a800 JavaThread "Cancel handler" [_thread_blocked, id=4788, stack(0x0000000018f00000,0x0000000019000000)]
  0x0000000017e65000 JavaThread "Handler for socket connection from /127.0.0.1:1482 to /127.0.0.1:1509" [_thread_in_native, id=3796, stack(0x0000000018e00000,0x0000000018f00000)]
  0x0000000017e68000 JavaThread "Daemon Thread 2" [_thread_blocked, id=1240, stack(0x0000000018d00000,0x0000000018e00000)]
  0x00000000183af000 JavaThread "File lock request listener" [_thread_in_native, id=3100, stack(0x0000000019800000,0x0000000019900000)]
  0x0000000017b60800 JavaThread "Incoming local TCP Connector on port 1482" [_thread_in_native, id=2084, stack(0x0000000018a00000,0x0000000018b00000)]
  0x0000000016844800 JavaThread "Service Thread" daemon [_thread_blocked, id=4400, stack(0x0000000016c20000,0x0000000016d20000)]
  0x0000000014fb7000 JavaThread "C1 CompilerThread2" daemon [_thread_blocked, id=4760, stack(0x0000000016720000,0x0000000016820000)]
=>0x0000000014fb0000 JavaThread "C2 CompilerThread1" daemon [_thread_in_native, id=4080, stack(0x0000000016620000,0x0000000016720000)]
  0x0000000014fad000 JavaThread "C2 CompilerThread0" daemon [_thread_in_native, id=4768, stack(0x0000000016520000,0x0000000016620000)]
  0x0000000014fab800 JavaThread "Attach Listener" daemon [_thread_blocked, id=3048, stack(0x0000000016420000,0x0000000016520000)]
  0x0000000014faa000 JavaThread "Signal Dispatcher" daemon [_thread_blocked, id=4700, stack(0x0000000016320000,0x0000000016420000)]
  0x00000000028d7000 JavaThread "Finalizer" daemon [_thread_blocked, id=3988, stack(0x0000000016220000,0x0000000016320000)]
  0x00000000028ce000 JavaThread "Reference Handler" daemon [_thread_blocked, id=3392, stack(0x0000000016120000,0x0000000016220000)]
  0x0000000000f6e000 JavaThread "main" [_thread_blocked, id=4124, stack(0x00000000026b0000,0x00000000027b0000)]

Other Threads:
  0x0000000014f75800 VMThread [stack: 0x0000000016020000,0x0000000016120000] [id=3724]
  0x0000000016847800 WatcherThread [stack: 0x0000000016d20000,0x0000000016e20000] [id=3172]

VM state:not at safepoint (normal execution)

VM Mutex/Monitor currently owned by a thread: None

Heap:
 PSYoungGen      total 316928K, used 44250K [0x00000000eab00000, 0x0000000100000000, 0x0000000100000000)
  eden space 285184K, 4% used [0x00000000eab00000,0x00000000eb7368f8,0x00000000fc180000)
  from space 31744K, 99% used [0x00000000fc180000,0x00000000fe07ffd0,0x00000000fe080000)
  to   space 32256K, 0% used [0x00000000fe080000,0x00000000fe080000,0x0000000100000000)
 ParOldGen       total 120320K, used 53520K [0x00000000c0000000, 0x00000000c7580000, 0x00000000eab00000)
  object space 120320K, 44% used [0x00000000c0000000,0x00000000c3444138,0x00000000c7580000)
 Metaspace       used 64511K, capacity 68453K, committed 68736K, reserved 1107968K
  class space    used 8945K, capacity 10328K, committed 10368K, reserved 1048576K

Card table byte_map: [0x0000000011ca0000,0x0000000011eb0000] byte_map_base: 0x00000000116a0000

Marking Bits: (ParMarkBitMap*) 0x00000000669bd490
 Begin Bits: [0x0000000012410000, 0x0000000013410000)
 End Bits:   [0x0000000013410000, 0x0000000014410000)

Polling page: 0x0000000000f20000

CodeCache: size=245760Kb used=24157Kb max_used=24190Kb free=221602Kb
 bounds [0x00000000028e0000, 0x00000000040a0000, 0x00000000118e0000]
 total_blobs=8208 nmethods=7505 adapters=614
 compilation: enabled

Compilation events (10 events):
Event: 1382.012 Thread 0x0000000014fb7000 8823       2       java.nio.HeapByteBuffer::put (16 bytes)
Event: 1382.012 Thread 0x0000000014fb7000 nmethod 8823 0x0000000002b330d0 code [0x0000000002b33240, 0x0000000002b33448]
Event: 1382.013 Thread 0x0000000014fb7000 8826       2       java.nio.HeapCharBuffer::get (14 bytes)
Event: 1382.014 Thread 0x0000000014fb7000 nmethod 8826 0x0000000002c15e90 code [0x0000000002c16000, 0x0000000002c16208]
Event: 1382.015 Thread 0x0000000014fb7000 8827       2       sun.nio.cs.UnicodeEncoder::put (53 bytes)
Event: 1382.015 Thread 0x0000000014fb7000 nmethod 8827 0x0000000003b2b0d0 code [0x0000000003b2b260, 0x0000000003b2b4b8]
Event: 1382.018 Thread 0x0000000014fb7000 8822       2       org.codehaus.groovy.runtime.callsite.CallSiteGenerator::compilePojoMethod (47 bytes)
Event: 1382.019 Thread 0x0000000014fb7000 nmethod 8822 0x0000000003282510 code [0x00000000032826a0, 0x0000000003282948]
Event: 1382.047 Thread 0x0000000014fb7000 8828       2       sun.nio.cs.StreamDecoder::implRead (243 bytes)
Event: 1382.048 Thread 0x0000000014fb7000 nmethod 8828 0x0000000002c8f650 code [0x0000000002c8f840, 0x0000000002c8ffc8]

GC Heap History (10 events):
Event: 18.910 GC heap before
{Heap before GC invocations=16 (full 3):
 PSYoungGen      total 238592K, used 18935K [0x00000000eab00000, 0x00000000fd280000, 0x0000000100000000)
  eden space 219648K, 0% used [0x00000000eab00000,0x00000000eab00000,0x00000000f8180000)
  from space 18944K, 99% used [0x00000000f8180000,0x00000000f93fdca0,0x00000000f9400000)
  to   space 22528K, 0% used [0x00000000fbc80000,0x00000000fbc80000,0x00000000fd280000)
 ParOldGen       total 120320K, used 31739K [0x00000000c0000000, 0x00000000c7580000, 0x00000000eab00000)
  object space 120320K, 26% used [0x00000000c0000000,0x00000000c1efec88,0x00000000c7580000)
 Metaspace       used 40357K, capacity 42567K, committed 42880K, reserved 1085440K
  class space    used 5596K, capacity 6412K, committed 6528K, reserved 1048576K
Event: 19.694 GC heap after
Heap after GC invocations=16 (full 3):
 PSYoungGen      total 238592K, used 0K [0x00000000eab00000, 0x00000000fd280000, 0x0000000100000000)
  eden space 219648K, 0% used [0x00000000eab00000,0x00000000eab00000,0x00000000f8180000)
  from space 18944K, 0% used [0x00000000f8180000,0x00000000f8180000,0x00000000f9400000)
  to   space 22528K, 0% used [0x00000000fbc80000,0x00000000fbc80000,0x00000000fd280000)
 ParOldGen       total 120320K, used 43532K [0x00000000c0000000, 0x00000000c7580000, 0x00000000eab00000)
  object space 120320K, 36% used [0x00000000c0000000,0x00000000c2a831c0,0x00000000c7580000)
 Metaspace       used 40215K, capacity 42065K, committed 42880K, reserved 1085440K
  class space    used 5562K, capacity 6242K, committed 6528K, reserved 1048576K
}
Event: 28.396 GC heap before
{Heap before GC invocations=17 (full 3):
 PSYoungGen      total 238592K, used 219648K [0x00000000eab00000, 0x00000000fd280000, 0x0000000100000000)
  eden space 219648K, 100% used [0x00000000eab00000,0x00000000f8180000,0x00000000f8180000)
  from space 18944K, 0% used [0x00000000f8180000,0x00000000f8180000,0x00000000f9400000)
  to   space 22528K, 0% used [0x00000000fbc80000,0x00000000fbc80000,0x00000000fd280000)
 ParOldGen       total 120320K, used 43532K [0x00000000c0000000, 0x00000000c7580000, 0x00000000eab00000)
  object space 120320K, 36% used [0x00000000c0000000,0x00000000c2a831c0,0x00000000c7580000)
 Metaspace       used 46426K, capacity 49119K, committed 49280K, reserved 1091584K
  class space    used 6432K, capacity 7425K, committed 7552K, reserved 1048576K
Event: 28.437 GC heap after
Heap after GC invocations=17 (full 3):
 PSYoungGen      total 275456K, used 21912K [0x00000000eab00000, 0x00000000fd500000, 0x0000000100000000)
  eden space 252928K, 0% used [0x00000000eab00000,0x00000000eab00000,0x00000000fa200000)
  from space 22528K, 97% used [0x00000000fbc80000,0x00000000fd1e6288,0x00000000fd280000)
  to   space 26112K, 0% used [0x00000000fa200000,0x00000000fa200000,0x00000000fbb80000)
 ParOldGen       total 120320K, used 43540K [0x00000000c0000000, 0x00000000c7580000, 0x00000000eab00000)
  object space 120320K, 36% used [0x00000000c0000000,0x00000000c2a851c0,0x00000000c7580000)
 Metaspace       used 46426K, capacity 49119K, committed 49280K, reserved 1091584K
  class space    used 6432K, capacity 7425K, committed 7552K, reserved 1048576K
}
Event: 32.694 GC heap before
{Heap before GC invocations=18 (full 3):
 PSYoungGen      total 275456K, used 274840K [0x00000000eab00000, 0x00000000fd500000, 0x0000000100000000)
  eden space 252928K, 100% used [0x00000000eab00000,0x00000000fa200000,0x00000000fa200000)
  from space 22528K, 97% used [0x00000000fbc80000,0x00000000fd1e6288,0x00000000fd280000)
  to   space 26112K, 0% used [0x00000000fa200000,0x00000000fa200000,0x00000000fbb80000)
 ParOldGen       total 120320K, used 43540K [0x00000000c0000000, 0x00000000c7580000, 0x00000000eab00000)
  object space 120320K, 36% used [0x00000000c0000000,0x00000000c2a851c0,0x00000000c7580000)
 Metaspace       used 49644K, capacity 52390K, committed 52480K, reserved 1093632K
  class space    used 6879K, capacity 7850K, committed 7936K, reserved 1048576K
Event: 32.753 GC heap after
Heap after GC invocations=18 (full 3):
 PSYoungGen      total 279040K, used 25824K [0x00000000eab00000, 0x0000000100000000, 0x0000000100000000)
  eden space 252928K, 0% used [0x00000000eab00000,0x00000000eab00000,0x00000000fa200000)
  from space 26112K, 98% used [0x00000000fa200000,0x00000000fbb383c8,0x00000000fbb80000)
  to   space 30208K, 0% used [0x00000000fe280000,0x00000000fe280000,0x0000000100000000)
 ParOldGen       total 120320K, used 43548K [0x00000000c0000000, 0x00000000c7580000, 0x00000000eab00000)
  object space 120320K, 36% used [0x00000000c0000000,0x00000000c2a871c0,0x00000000c7580000)
 Metaspace       used 49644K, capacity 52390K, committed 52480K, reserved 1093632K
  class space    used 6879K, capacity 7850K, committed 7936K, reserved 1048576K
}
Event: 1376.373 GC heap before
{Heap before GC invocations=19 (full 3):
 PSYoungGen      total 279040K, used 278752K [0x00000000eab00000, 0x0000000100000000, 0x0000000100000000)
  eden space 252928K, 100% used [0x00000000eab00000,0x00000000fa200000,0x00000000fa200000)
  from space 26112K, 98% used [0x00000000fa200000,0x00000000fbb383c8,0x00000000fbb80000)
  to   space 30208K, 0% used [0x00000000fe280000,0x00000000fe280000,0x0000000100000000)
 ParOldGen       total 120320K, used 43548K [0x00000000c0000000, 0x00000000c7580000, 0x00000000eab00000)
  object space 120320K, 36% used [0x00000000c0000000,0x00000000c2a871c0,0x00000000c7580000)
 Metaspace       used 51067K, capacity 54000K, committed 54272K, reserved 1095680K
  class space    used 7102K, capacity 8149K, committed 8192K, reserved 1048576K
Event: 1376.406 GC heap after
Heap after GC invocations=19 (full 3):
 PSYoungGen      total 314880K, used 21607K [0x00000000eab00000, 0x00000000fff80000, 0x0000000100000000)
  eden space 285184K, 0% used [0x00000000eab00000,0x00000000eab00000,0x00000000fc180000)
  from space 29696K, 72% used [0x00000000fe280000,0x00000000ff799c10,0x00000000fff80000)
  to   space 31744K, 0% used [0x00000000fc180000,0x00000000fc180000,0x00000000fe080000)
 ParOldGen       total 120320K, used 43556K [0x00000000c0000000, 0x00000000c7580000, 0x00000000eab00000)
  object space 120320K, 36% used [0x00000000c0000000,0x00000000c2a891c0,0x00000000c7580000)
 Metaspace       used 51067K, capacity 54000K, committed 54272K, reserved 1095680K
  class space    used 7102K, capacity 8149K, committed 8192K, reserved 1048576K
}
Event: 1381.816 GC heap before
{Heap before GC invocations=20 (full 3):
 PSYoungGen      total 314880K, used 306791K [0x00000000eab00000, 0x00000000fff80000, 0x0000000100000000)
  eden space 285184K, 100% used [0x00000000eab00000,0x00000000fc180000,0x00000000fc180000)
  from space 29696K, 72% used [0x00000000fe280000,0x00000000ff799c10,0x00000000fff80000)
  to   space 31744K, 0% used [0x00000000fc180000,0x00000000fc180000,0x00000000fe080000)
 ParOldGen       total 120320K, used 43556K [0x00000000c0000000, 0x00000000c7580000, 0x00000000eab00000)
  object space 120320K, 36% used [0x00000000c0000000,0x00000000c2a891c0,0x00000000c7580000)
 Metaspace       used 64328K, capacity 68303K, committed 68480K, reserved 1107968K
  class space    used 8896K, capacity 10296K, committed 10368K, reserved 1048576K
Event: 1381.901 GC heap after
Heap after GC invocations=20 (full 3):
 PSYoungGen      total 316928K, used 31743K [0x00000000eab00000, 0x0000000100000000, 0x0000000100000000)
  eden space 285184K, 0% used [0x00000000eab00000,0x00000000eab00000,0x00000000fc180000)
  from space 31744K, 99% used [0x00000000fc180000,0x00000000fe07ffd0,0x00000000fe080000)
  to   space 32256K, 0% used [0x00000000fe080000,0x00000000fe080000,0x0000000100000000)
 ParOldGen       total 120320K, used 53520K [0x00000000c0000000, 0x00000000c7580000, 0x00000000eab00000)
  object space 120320K, 44% used [0x00000000c0000000,0x00000000c3444138,0x00000000c7580000)
 Metaspace       used 64328K, capacity 68303K, committed 68480K, reserved 1107968K
  class space    used 8896K, capacity 10296K, committed 10368K, reserved 1048576K
}

Deoptimization events (10 events):
Event: 1379.181 Thread 0x0000000017e69000 Uncommon trap: reason=unreached action=reinterpret pc=0x0000000002eef358 method=com.sun.org.apache.xerces.internal.dom.ParentNode.nodeListItem(I)Lorg/w3c/dom/Node; @ 15
Event: 1379.334 Thread 0x0000000017e69000 Uncommon trap: reason=bimorphic action=maybe_recompile pc=0x00000000034aa09c method=java.util.Hashtable.addEntry(ILjava/lang/Object;Ljava/lang/Object;I)V @ 38
Event: 1379.373 Thread 0x0000000017e69000 Uncommon trap: reason=bimorphic action=maybe_recompile pc=0x00000000034aa09c method=java.util.Hashtable.addEntry(ILjava/lang/Object;Ljava/lang/Object;I)V @ 38
Event: 1380.955 Thread 0x0000000017e69000 Uncommon trap: reason=unreached action=reinterpret pc=0x00000000036772d4 method=java.io.File.equals(Ljava/lang/Object;)Z @ 1
Event: 1381.920 Thread 0x0000000017e69000 Uncommon trap: reason=unreached action=reinterpret pc=0x0000000003ce7f00 method=org.codehaus.groovy.util.LazyReference.get()Ljava/lang/Object; @ 33
Event: 1381.920 Thread 0x0000000017e69000 Uncommon trap: reason=null_check action=make_not_entrant pc=0x00000000032dbedc method=java.lang.Class.reflectionData()Ljava/lang/Class$ReflectionData; @ 24
Event: 1381.921 Thread 0x0000000017e69000 Uncommon trap: reason=null_check action=make_not_entrant pc=0x00000000032b3c88 method=java.beans.MethodRef.get()Ljava/lang/reflect/Method; @ 16
Event: 1381.942 Thread 0x0000000017e69000 Uncommon trap: reason=unreached action=reinterpret pc=0x0000000002ae62c0 method=org.codehaus.groovy.runtime.metaclass.MetaMethodIndex.getMethods(Ljava/lang/Class;Ljava/lang/String;)Lorg/codehaus/groovy/runtime/metaclass/MetaMethodIndex$Entry; @ 61
Event: 1381.968 Thread 0x000000001a25f800 Uncommon trap: reason=unreached action=reinterpret pc=0x000000000307670c method=java.lang.ThreadLocal.get()Ljava/lang/Object; @ 11
Event: 1381.975 Thread 0x000000001a260800 Uncommon trap: reason=unreached action=reinterpret pc=0x0000000003a4d3d0 method=groovy.lang.MetaClassImpl.findPropertyMethod(Ljava/lang/Object;ZZ)Lgroovy/lang/MetaMethod; @ 95

Internal exceptions (10 events):
Event: 1382.000 Thread 0x000000001a25d800 Exception <a 'java/lang/ClassNotFoundException': com/google/common/hash/AbstractStreamingHashFunctionBeanInfo> (0x00000000eb0af060) thrown at [D:\re\workspace\8-2-build-windows-amd64-cygwin\jdk8u25\1677\hotspot\src\share\vm\classfile\systemDictionary.cpp, ¾þV
Event: 1382.000 Thread 0x000000001a25d800 Exception <a 'java/security/PrivilegedActionException'> (0x00000000eb0b2ef0) thrown at [D:\re\workspace\8-2-build-windows-amd64-cygwin\jdk8u25\1677\hotspot\src\share\vm\prims\jvm.cpp, line 1312]
Event: 1382.000 Thread 0x000000001a25d800 Exception <a 'java/security/PrivilegedActionException'> (0x00000000eb0b7e90) thrown at [D:\re\workspace\8-2-build-windows-amd64-cygwin\jdk8u25\1677\hotspot\src\share\vm\prims\jvm.cpp, line 1312]
Event: 1382.001 Thread 0x000000001a25d800 Exception <a 'java/security/PrivilegedActionException'> (0x00000000eb0bc5e0) thrown at [D:\re\workspace\8-2-build-windows-amd64-cygwin\jdk8u25\1677\hotspot\src\share\vm\prims\jvm.cpp, line 1312]
Event: 1382.001 Thread 0x000000001a25d800 Exception <a 'java/lang/ClassNotFoundException': com/google/common/hash/AbstractStreamingHashFunctionCustomizer> (0x00000000eb0bc9d0) thrown at [D:\re\workspace\8-2-build-windows-amd64-cygwin\jdk8u25\1677\hotspot\src\share\vm\classfile\systemDictionary.cpp2­“G˜•@
Event: 1382.001 Thread 0x000000001a25d800 Exception <a 'java/security/PrivilegedActionException'> (0x00000000eb0c85f0) thrown at [D:\re\workspace\8-2-build-windows-amd64-cygwin\jdk8u25\1677\hotspot\src\share\vm\prims\jvm.cpp, line 1312]
Event: 1382.001 Thread 0x000000001a25d800 Exception <a 'java/security/PrivilegedActionException'> (0x00000000eb0ccfd0) thrown at [D:\re\workspace\8-2-build-windows-amd64-cygwin\jdk8u25\1677\hotspot\src\share\vm\prims\jvm.cpp, line 1312]
Event: 1382.001 Thread 0x000000001a25d800 Exception <a 'java/security/PrivilegedActionException'> (0x00000000eb0d12f8) thrown at [D:\re\workspace\8-2-build-windows-amd64-cygwin\jdk8u25\1677\hotspot\src\share\vm\prims\jvm.cpp, line 1312]
Event: 1382.002 Thread 0x000000001a25d800 Exception <a 'java/lang/ClassNotFoundException': com/google/common/hash/MessageDigestHashFunctionCustomizer> (0x00000000eb0d16e0) thrown at [D:\re\workspace\8-2-build-windows-amd64-cygwin\jdk8u25\1677\hotspot\src\share\vm\classfile\systemDictionary.cpp, li“c	
˜•@
Event: 1382.010 Thread 0x000000001a25d800 Exception <a 'java/security/PrivilegedActionException'> (0x00000000eb0ea318) thrown at [D:\re\workspace\8-2-build-windows-amd64-cygwin\jdk8u25\1677\hotspot\src\share\vm\prims\jvm.cpp, line 1312]

Events (10 events):
Event: 1382.014 Thread 0x0000000014fb7000 flushing nmethod 0x0000000003bd6d90
Event: 1382.014 Thread 0x0000000014fb7000 flushing nmethod 0x0000000003bd7950
Event: 1382.031 Thread 0x000000001a262000 Thread added: 0x000000001a262000
Event: 1382.031 Thread 0x000000001a263800 Thread added: 0x000000001a263800
Event: 1382.033 Thread 0x000000001a262800 Thread added: 0x000000001a262800
Event: 1382.033 Thread 0x000000001a265000 Thread added: 0x000000001a265000
Event: 1382.035 Thread 0x000000001a264000 Thread added: 0x000000001a264000
Event: 1382.035 Thread 0x000000001a268800 Thread added: 0x000000001a268800
Event: 1382.041 Thread 0x000000001a266800 Thread added: 0x000000001a266800
Event: 1382.041 Thread 0x000000001a267000 Thread added: 0x000000001a267000


Dynamic libraries:
0x00007ff6719f0000 - 0x00007ff671a24000 	C:\Program Files\Java\jdk1.8.0_25\bin\java.exe
0x00007ffbb7170000 - 0x00007ffbb731d000 	C:\Windows\SYSTEM32\ntdll.dll
0x00007ffbb6a10000 - 0x00007ffbb6b4a000 	C:\Windows\system32\KERNEL32.DLL
0x00007ffbb46e0000 - 0x00007ffbb47f5000 	C:\Windows\system32\KERNELBASE.dll
0x00007ffbb27e0000 - 0x00007ffbb2868000 	C:\Windows\system32\apphelp.dll
0x00007ffba6220000 - 0x00007ffba626f000 	C:\Windows\AppPatch\AppPatch64\AcGenral.DLL
0x00007ffbb4e90000 - 0x00007ffbb4f37000 	C:\Windows\system32\msvcrt.dll
0x00007ffbb4210000 - 0x00007ffbb423b000 	C:\Windows\SYSTEM32\SspiCli.dll
0x00007ffbb7100000 - 0x00007ffbb7151000 	C:\Windows\system32\SHLWAPI.dll
0x00007ffbb6890000 - 0x00007ffbb6a07000 	C:\Windows\system32\USER32.dll
0x00007ffbb4a60000 - 0x00007ffbb4bf4000 	C:\Windows\system32\ole32.dll
0x00007ffbb5470000 - 0x00007ffbb6887000 	C:\Windows\system32\SHELL32.dll
0x00007ffbb36c0000 - 0x00007ffbb36de000 	C:\Windows\SYSTEM32\USERENV.dll
0x00007ffbb49b0000 - 0x00007ffbb4a5a000 	C:\Windows\system32\ADVAPI32.dll
0x00007ffba7dc0000 - 0x00007ffba7ddb000 	C:\Windows\SYSTEM32\MPR.dll
0x00007ffbb5270000 - 0x00007ffbb53a6000 	C:\Windows\system32\RPCRT4.dll
0x00007ffbb4c00000 - 0x00007ffbb4c59000 	C:\Windows\SYSTEM32\sechost.dll
0x00007ffbb4c60000 - 0x00007ffbb4e71000 	C:\Windows\SYSTEM32\combase.dll
0x00007ffbb6d40000 - 0x00007ffbb6e84000 	C:\Windows\system32\GDI32.dll
0x00007ffbb4430000 - 0x00007ffbb4444000 	C:\Windows\SYSTEM32\profapi.dll
0x00007ffbb3150000 - 0x00007ffbb31ef000 	C:\Windows\SYSTEM32\SHCORE.dll
0x00007ffbb5000000 - 0x00007ffbb5034000 	C:\Windows\system32\IMM32.DLL
0x00007ffbb5110000 - 0x00007ffbb5261000 	C:\Windows\system32\MSCTF.dll
0x00007ffbb3d10000 - 0x00007ffbb3f8a000 	C:\Windows\WinSxS\amd64_microsoft.windows.common-controls_6595b64144ccf1df_6.0.9600.17810_none_6240b9c7ecbd0bda\COMCTL32.dll
0x0000000065920000 - 0x00000000659f2000 	C:\Program Files\Java\jdk1.8.0_25\jre\bin\msvcr100.dll
0x00000000661e0000 - 0x0000000066a3a000 	C:\Program Files\Java\jdk1.8.0_25\jre\bin\server\jvm.dll
0x00007ffbb0de0000 - 0x00007ffbb0de9000 	C:\Windows\SYSTEM32\WSOCK32.dll
0x00007ffbb1500000 - 0x00007ffbb151f000 	C:\Windows\SYSTEM32\WINMM.dll
0x00007ffbb7160000 - 0x00007ffbb7167000 	C:\Windows\system32\PSAPI.DLL
0x00007ffbb4f40000 - 0x00007ffbb4f98000 	C:\Windows\system32\WS2_32.dll
0x00007ffbb14c0000 - 0x00007ffbb14ea000 	C:\Windows\SYSTEM32\WINMMBASE.dll
0x00007ffbb4e80000 - 0x00007ffbb4e89000 	C:\Windows\system32\NSI.dll
0x00007ffbb48b0000 - 0x00007ffbb48fa000 	C:\Windows\SYSTEM32\cfgmgr32.dll
0x00007ffbb2e70000 - 0x00007ffbb2e96000 	C:\Windows\SYSTEM32\DEVOBJ.dll
0x00000000661d0000 - 0x00000000661df000 	C:\Program Files\Java\jdk1.8.0_25\jre\bin\verify.dll
0x00000000661a0000 - 0x00000000661c8000 	C:\Program Files\Java\jdk1.8.0_25\jre\bin\java.dll
0x0000000066180000 - 0x0000000066196000 	C:\Program Files\Java\jdk1.8.0_25\jre\bin\zip.dll
0x00007ffbb3970000 - 0x00007ffbb398e000 	C:\Windows\SYSTEM32\CRYPTSP.dll
0x00007ffbb35b0000 - 0x00007ffbb35e5000 	C:\Windows\system32\rsaenh.dll
0x00007ffbb3c10000 - 0x00007ffbb3c36000 	C:\Windows\SYSTEM32\bcrypt.dll
0x00007ffbb4240000 - 0x00007ffbb42a0000 	C:\Windows\system32\bcryptprimitives.dll
0x00007ffbb42a0000 - 0x00007ffbb42aa000 	C:\Windows\SYSTEM32\CRYPTBASE.dll
0x0000000065ea0000 - 0x0000000065eba000 	C:\Program Files\Java\jdk1.8.0_25\jre\bin\net.dll
0x00007ffbb3910000 - 0x00007ffbb3968000 	C:\Windows\system32\mswsock.dll
0x00007ffbb0200000 - 0x00007ffbb0229000 	C:\Windows\SYSTEM32\IPHLPAPI.DLL
0x00007ffbb01e0000 - 0x00007ffbb01ea000 	C:\Windows\SYSTEM32\WINNSI.DLL
0x00007ffbaea30000 - 0x00007ffbaea44000 	C:\Windows\SYSTEM32\dhcpcsvc6.DLL
0x00007ffbaea10000 - 0x00007ffbaea29000 	C:\Windows\SYSTEM32\dhcpcsvc.DLL
0x0000000065e80000 - 0x0000000065e91000 	C:\Program Files\Java\jdk1.8.0_25\jre\bin\nio.dll
0x00007ffba6620000 - 0x00007ffba6632000 	C:\Users\Chamod\AppData\Local\Temp\native-platform9152306164758579260dir\native-platform.dll
0x00007ffb8f160000 - 0x00007ffb8f2e8000 	C:\Windows\SYSTEM32\dbghelp.dll

VM Arguments:
jvm_args: -XX:MaxPermSize=256m -XX:+HeapDumpOnOutOfMemoryError -Xmx1024m -Dfile.encoding=windows-1252 -Duser.country=US -Duser.language=en -Duser.variant 
java_command: org.gradle.launcher.daemon.bootstrap.GradleDaemon 2.2.1 C:\Users\Chamod\.gradle\daemon 10800000 ceddf6cc-7246-4bfc-9759-25de1b89924a -XX:MaxPermSize=256m -XX:+HeapDumpOnOutOfMemoryError -Xmx1024m -Dfile.encoding=windows-1252 -Duser.country=US -Duser.language=en -Duser.variant
java_class_path (initial): C:\Users\Chamod\.gradle\wrapper\dists\gradle-2.2.1-all\c64ydeuardnfqctvr1gm30w53\gradle-2.2.1\lib\gradle-launcher-2.2.1.jar
Launcher Type: SUN_STANDARD

Environment Variables:
JAVA_HOME=C:\Program Files\Java\jdk1.8.0_25
PATH=C:\ProgramData\Oracle\Java\javapath;c:\Program Files (x86)\NVIDIA Corporation\PhysX\Common;C:\Windows\system32;C:\Windows;C:\Windows\System32\Wbem;C:\Windows\System32\WindowsPowerShell\v1.0\;C:\xampp\mysql\bin;D:\computer programming\Computer Science - From Menuka\Android Development\eclipse\jre\bin;C:\Program Files\Java\jdk1.8.0_25\bin;C:\Program Files\apache-maven-3.3.9\bin;C:\Program Files (x86)\Windows Kits\8.1\Windows Performance Toolkit\;C:\Program Files\Microsoft SQL Server\110\Tools\Binn\;C:\TDM-GCC-64\bin;C:\MinGW\bin;C:\Program Files (x86)\Microsoft VS Code\bin
USERNAME=Chamod
OS=Windows_NT
PROCESSOR_IDENTIFIER=Intel64 Family 6 Model 69 Stepping 1, GenuineIntel



---------------  S Y S T E M  ---------------

OS: Windows 8.1 , 64 bit Build 9600 

CPU:total 4 (2 cores per cpu, 2 threads per core) family 6 model 69 stepping 1, cmov, cx8, fxsr, mmx, sse, sse2, sse3, ssse3, sse4.1, sse4.2, popcnt, avx, avx2, aes, clmul, erms, lzcnt, ht, tsc, tscinvbit, bmi1, bmi2

Memory: 4k page, physical 8316824k(5190640k free), swap 16705688k(12740088k free)

vm_info: Java HotSpot(TM) 64-Bit Server VM (25.25-b02) for windows-amd64 JRE (1.8.0_25-b18), built on Oct  7 2014 14:25:37 by "java_re" with MS VC++ 10.0 (VS2010)

time: Tue Jul 12 12:17:13 2016
elapsed time: 1383 seconds (0d 0h 23m 3s)

